<?xml version="1.0" encoding="UTF-8"?>
<!-- Generated by org.testng.reporters.JUnitXMLReporter -->
<testsuite hostname="JFSF16135683" ignored="1" name="Default test" tests="1" failures="0" timestamp="26 Jun 2020 11:24:03 GMT" time="73.094" errors="0">
  <testcase name="loginsite" time="60.401" classname="com.newtour.testpages.SIgnintest"/>
  <testcase name="verifytitle" time="0.0" classname="com.newtour.testpages.SIgnintest">
    <ignored/>
  </testcase> <!-- verifytitle -->
</testsuite> <!-- Default test -->
