<?xml version="1.0" encoding="UTF-8"?>
<!-- Generated by org.testng.reporters.JUnitXMLReporter -->
<testsuite hostname="JFSF16135683" ignored="0" name="Command line test" tests="3" failures="0" timestamp="07 Jul 2020 12:23:59 GMT" time="25.962" errors="0">
  <testcase name="f" time="0.009" classname="com.newtour.pages.NewTest"/>
  <testcase name="contact" time="1.018" classname="com.newtour.testpages.NewTourContactTest"/>
  <testcase name="supporttest" time="0.964" classname="com.newtour.testpages.NewTourSupportTest"/>
</testsuite> <!-- Command line test -->
