<?xml version="1.0" encoding="UTF-8"?>
<testng-results skipped="0" failed="0" ignored="1" total="2" passed="1">
  <reporter-output>
  </reporter-output>
  <suite name="Default suite" duration-ms="73094" started-at="2020-06-26T11:22:50Z" finished-at="2020-06-26T11:24:03Z">
    <groups>
    </groups>
    <test name="Default test" duration-ms="73094" started-at="2020-06-26T11:22:50Z" finished-at="2020-06-26T11:24:03Z">
      <class name="com.newtour.testpages.SIgnintest">
        <test-method status="PASS" signature="setup()[pri:0, instance:com.newtour.testpages.SIgnintest@3ffc5af1]" name="setup" is-config="true" duration-ms="12663" started-at="2020-06-26T16:52:50Z" finished-at="2020-06-26T16:53:02Z">
          <reporter-output>
          </reporter-output>
        </test-method> <!-- setup -->
        <test-method status="PASS" signature="loginsite()[pri:2, instance:com.newtour.testpages.SIgnintest@3ffc5af1]" name="loginsite" duration-ms="60401" started-at="2020-06-26T16:53:02Z" finished-at="2020-06-26T16:54:03Z">
          <reporter-output>
          </reporter-output>
        </test-method> <!-- loginsite -->
      </class> <!-- com.newtour.testpages.SIgnintest -->
    </test> <!-- Default test -->
  </suite> <!-- Default suite -->
</testng-results>
